<?xml version="1.0" encoding="UTF-8"?>
<!-- Generated by org.testng.reporters.JUnitReportReporter -->
<testsuite skipped="0" hostname="LAPTOP-61ICU0Q3" name="RESTAPI_package.AppTest" tests="1" failures="0" timestamp="10 Jan 2020 11:09:50 GMT" time="10.496" errors="0">
  <testcase name="run" time="10.496" classname="RESTAPI_package.AppTest"/>
</testsuite> <!-- RESTAPI_package.AppTest -->
