<?xml version="1.0" encoding="UTF-8"?>
<!-- Generated by org.testng.reporters.JUnitReportReporter -->
<testsuite skipped="0" hostname="LAPTOP-61ICU0Q3" name="RESTAPI_package.delete_comment" tests="1" failures="0" timestamp="21 Jul 2019 10:26:18 GMT" time="5.181" errors="0">
  <testcase name="delete" time="5.181" classname="RESTAPI_package.delete_comment"/>
</testsuite> <!-- RESTAPI_package.delete_comment -->
