<?xml version="1.0" encoding="UTF-8"?>
<!-- Generated by org.testng.reporters.JUnitReportReporter -->
<testsuite skipped="0" hostname="LAPTOP-61ICU0Q3" name="RESTAPI_package.JIRA_End_to_End" tests="1" failures="0" timestamp="21 Jul 2019 12:13:02 GMT" time="8.147" errors="0">
  <testcase name="test" time="8.147" classname="RESTAPI_package.JIRA_End_to_End"/>
</testsuite> <!-- RESTAPI_package.JIRA_End_to_End -->
