<?xml version="1.0" encoding="UTF-8"?>
<!-- Generated by org.testng.reporters.JUnitReportReporter -->
<testsuite skipped="0" hostname="LAPTOP-61ICU0Q3" name="RESTAPI_package.jira_session_creation" tests="1" failures="0" timestamp="20 Jul 2019 12:33:00 GMT" time="6.993" errors="0">
  <testcase name="create_session" time="6.993" classname="RESTAPI_package.jira_session_creation"/>
</testsuite> <!-- RESTAPI_package.jira_session_creation -->
